#
# There is insufficient memory for the Java Runtime Environment to continue.
# Native memory allocation (malloc) failed to allocate 1186736 bytes for Chunk::new
# Possible reasons:
#   The system is out of physical RAM or swap space
#   The process is running with CompressedOops enabled, and the Java Heap may be blocking the growth of the native heap
# Possible solutions:
#   Reduce memory load on the system
#   Increase physical memory or swap space
#   Check if swap backing store is full
#   Decrease Java heap size (-Xmx/-Xms)
#   Decrease number of Java threads
#   Decrease Java thread stack sizes (-Xss)
#   Set larger code cache with -XX:ReservedCodeCacheSize=
#   JVM is running with Unscaled Compressed Oops mode in which the Java heap is
#     placed in the first 4GB address space. The Java Heap base address is the
#     maximum limit for the native heap growth. Please use -XX:HeapBaseMinAddress
#     to set the Java Heap base and to place the Java Heap above 4GB virtual address.
# This output file may be truncated or incomplete.
#
#  Out of Memory Error (allocation.cpp:389), pid=5272, tid=0x0000000000002b84
#
# JRE version: OpenJDK Runtime Environment (Zulu 8.52.0.23-CA-win64) (8.0_282-b08) (build 1.8.0_282-b08)
# Java VM: OpenJDK 64-Bit Server VM (25.282-b08 mixed mode windows-amd64 compressed oops)
# Failed to write core dump. Minidumps are not enabled by default on client versions of Windows
#

---------------  T H R E A D  ---------------

Current thread (0x000000001a80d800):  JavaThread "C2 CompilerThread2" daemon [_thread_in_native, id=11140, stack(0x000000001b4e0000,0x000000001b5e0000)]

Stack: [0x000000001b4e0000,0x000000001b5e0000]
[error occurred during error reporting (printing stack bounds), id 0xc0000005]

Native frames: (J=compiled Java code, j=interpreted, Vv=VM code, C=native code)


Current CompileTask:
C2:4148870 8695       4       org.openqa.selenium.remote.internal.OkHttpClient::execute (503 bytes)


---------------  P R O C E S S  ---------------

Java Threads: ( => current thread )
  0x000000001b953000 JavaThread "Exec Stream Pumper" daemon [_thread_in_native, id=12428, stack(0x0000000024b30000,0x0000000024c30000)]
  0x000000001b956800 JavaThread "Exec Stream Pumper" daemon [_thread_in_native, id=4292, stack(0x0000000024a30000,0x0000000024b30000)]
  0x000000001b954800 JavaThread "Exec Default Executor" daemon [_thread_in_native, id=8716, stack(0x0000000024930000,0x0000000024a30000)]
  0x000000001d02a000 JavaThread "Exec Stream Pumper" daemon [_thread_in_native, id=12488, stack(0x0000000024830000,0x0000000024930000)]
  0x000000001d02c800 JavaThread "Exec Stream Pumper" daemon [_thread_in_native, id=6304, stack(0x0000000023eb0000,0x0000000023fb0000)]
  0x000000001d031000 JavaThread "Exec Default Executor" daemon [_thread_in_native, id=9992, stack(0x0000000023bb0000,0x0000000023cb0000)]
  0x000000001d02b000 JavaThread "Exec Stream Pumper" daemon [_thread_in_native, id=4152, stack(0x0000000023ab0000,0x0000000023bb0000)]
  0x000000001d029000 JavaThread "Exec Stream Pumper" daemon [_thread_in_native, id=2544, stack(0x00000000239b0000,0x0000000023ab0000)]
  0x000000001d030800 JavaThread "Exec Default Executor" daemon [_thread_in_native, id=12276, stack(0x0000000022210000,0x0000000022310000)]
  0x000000001d02f800 JavaThread "Exec Stream Pumper" daemon [_thread_in_native, id=6452, stack(0x000000001f8a0000,0x000000001f9a0000)]
  0x000000001d027800 JavaThread "Exec Stream Pumper" daemon [_thread_in_native, id=10272, stack(0x000000001e3c0000,0x000000001e4c0000)]
  0x000000001d027000 JavaThread "Exec Default Executor" daemon [_thread_in_native, id=12768, stack(0x0000000001390000,0x0000000001490000)]
  0x000000001b953800 JavaThread "Okio Watchdog" daemon [_thread_blocked, id=3900, stack(0x0000000023db0000,0x0000000023eb0000)]
  0x000000001b955000 JavaThread "OkHttp ConnectionPool" daemon [_thread_blocked, id=8964, stack(0x0000000023cb0000,0x0000000023db0000)]
  0x000000001a84f000 JavaThread "Service Thread" daemon [_thread_blocked, id=5232, stack(0x000000001b6e0000,0x000000001b7e0000)]
  0x000000001a82f800 JavaThread "C1 CompilerThread3" daemon [_thread_blocked, id=10880, stack(0x000000001b5e0000,0x000000001b6e0000)]
=>0x000000001a80d800 JavaThread "C2 CompilerThread2" daemon [_thread_in_native, id=11140, stack(0x000000001b4e0000,0x000000001b5e0000)]
  0x000000001a80a800 JavaThread "C2 CompilerThread1" daemon [_thread_blocked, id=11132, stack(0x000000001b2e0000,0x000000001b3e0000)]
  0x000000001a80a000 JavaThread "C2 CompilerThread0" daemon [_thread_blocked, id=9664, stack(0x000000001b1e0000,0x000000001b2e0000)]
  0x000000001a7ff000 JavaThread "Attach Listener" daemon [_thread_blocked, id=1304, stack(0x000000001b0e0000,0x000000001b1e0000)]
  0x000000001a7fe800 JavaThread "Signal Dispatcher" daemon [_thread_blocked, id=4416, stack(0x000000001afe0000,0x000000001b0e0000)]
  0x000000001a107000 JavaThread "Finalizer" daemon [_thread_blocked, id=1248, stack(0x000000001a5e0000,0x000000001a6e0000)]
  0x000000001a100800 JavaThread "Reference Handler" daemon [_thread_blocked, id=9984, stack(0x000000001a4e0000,0x000000001a5e0000)]
  0x0000000003197800 JavaThread "Forwarding screenshot on session 63a20db2-29f9-4bfb-9460-c5b70cb7029a to remote" [_thread_in_native, id=7280, stack(0x0000000002fb0000,0x00000000030b0000)]

Other Threads:
  0x00000000182f3800 VMThread [stack: 0x0000000019fe0000,0x000000001a0e0000] [id=2844]
  0x000000001a84f800 WatcherThread [stack: 0x000000001b7e0000,0x000000001b8e0000] [id=1300]

VM state:not at safepoint (normal execution)

VM Mutex/Monitor currently owned by a thread: None

heap address: 0x0000000080000000, size: 2048 MB, Compressed Oops mode: 32-bit
Narrow klass base: 0x0000000000000000, Narrow klass shift: 3
Compressed class space size: 1073741824 Address: 0x0000000100000000

Heap:
 PSYoungGen      total 122880K, used 114484K [0x00000000d5580000, 0x00000000de080000, 0x0000000100000000)
  eden space 116736K, 93% used [0x00000000d5580000,0x00000000dbfcd0a0,0x00000000dc780000)
  from space 6144K, 91% used [0x00000000dca00000,0x00000000dcf80330,0x00000000dd000000)
  to   space 12800K, 0% used [0x00000000dd400000,0x00000000dd400000,0x00000000de080000)
 ParOldGen       total 150016K, used 32853K [0x0000000080000000, 0x0000000089280000, 0x00000000d5580000)
  object space 150016K, 21% used [0x0000000080000000,0x00000000820154f0,0x0000000089280000)
 Metaspace       used 44986K, capacity 47168K, committed 47360K, reserved 1091584K
  class space    used 5260K, capacity 6061K, committed 6144K, reserved 1048576K

Card table byte_map: [0x0000000012640000,0x0000000012a50000] byte_map_base: 0x0000000012240000

Marking Bits: (ParMarkBitMap*) 0x000000005bfe1f00
 Begin Bits: [0x0000000013500000, 0x0000000015500000)
 End Bits:   [0x0000000015500000, 0x0000000017500000)

Polling page: 0x00000000014d0000

CodeCache: size=245760Kb used=28445Kb max_used=28484Kb free=217314Kb
 bounds [0x0000000003280000, 0x0000000004e80000, 0x0000000012280000]
 total_blobs=7716 nmethods=6976 adapters=650
 compilation: enabled

Compilation events (10 events):
Event: 4141.517 Thread 0x000000001a82f800 nmethod 8690 0x00000000038b3f90 code [0x00000000038b4100, 0x00000000038b42a8]
Event: 4141.580 Thread 0x000000001a82f800 8691       3       com.google.common.collect.RegularImmutableMap::get (64 bytes)
Event: 4141.625 Thread 0x000000001a82f800 nmethod 8691 0x0000000004ac8d50 code [0x0000000004ac8f00, 0x0000000004ac9688]
Event: 4142.832 Thread 0x000000001a80d800 8692       4       org.openqa.selenium.remote.RemoteWebDriver::log (241 bytes)
Event: 4142.842 Thread 0x000000001a80a800 8693       4       com.google.common.collect.Maps$TransformedEntriesMap::size (10 bytes)
Event: 4142.887 Thread 0x000000001a80a000 8694       4       okhttp3.Headers::names (44 bytes)
Event: 4143.025 Thread 0x000000001a80d800 nmethod 8692 0x0000000004ac8950 code [0x0000000004ac8aa0, 0x0000000004ac8b78]
Event: 4143.026 Thread 0x000000001a80d800 8695       4       org.openqa.selenium.remote.internal.OkHttpClient::execute (503 bytes)
Event: 4143.031 Thread 0x000000001a80a800 nmethod 8693 0x0000000003b07690 code [0x0000000003b077e0, 0x0000000003b07878]
Event: 4143.546 Thread 0x000000001a80a000 nmethod 8694 0x0000000003393350 code [0x00000000033934e0, 0x00000000033937e8]

GC Heap History (10 events):
Event: 513.513 GC heap before
{Heap before GC invocations=35 (full 2):
 PSYoungGen      total 140800K, used 140096K [0x00000000d5580000, 0x00000000def80000, 0x0000000100000000)
  eden space 131072K, 100% used [0x00000000d5580000,0x00000000dd580000,0x00000000dd580000)
  from space 9728K, 92% used [0x00000000de600000,0x00000000deed0230,0x00000000def80000)
  to   space 13312K, 0% used [0x00000000dd580000,0x00000000dd580000,0x00000000de280000)
 ParOldGen       total 150016K, used 29667K [0x0000000080000000, 0x0000000089280000, 0x00000000d5580000)
  object space 150016K, 19% used [0x0000000080000000,0x0000000081cf8f40,0x0000000089280000)
 Metaspace       used 44378K, capacity 46334K, committed 46464K, reserved 1089536K
  class space    used 5189K, capacity 5903K, committed 6016K, reserved 1048576K
Event: 513.519 GC heap after
Heap after GC invocations=35 (full 2):
 PSYoungGen      total 137216K, used 8848K [0x00000000d5580000, 0x00000000dec80000, 0x0000000100000000)
  eden space 128000K, 0% used [0x00000000d5580000,0x00000000d5580000,0x00000000dd280000)
  from space 9216K, 96% used [0x00000000dd580000,0x00000000dde24100,0x00000000dde80000)
  to   space 13312K, 0% used [0x00000000ddf80000,0x00000000ddf80000,0x00000000dec80000)
 ParOldGen       total 150016K, used 30404K [0x0000000080000000, 0x0000000089280000, 0x00000000d5580000)
  object space 150016K, 20% used [0x0000000080000000,0x0000000081db10b0,0x0000000089280000)
 Metaspace       used 44378K, capacity 46334K, committed 46464K, reserved 1089536K
  class space    used 5189K, capacity 5903K, committed 6016K, reserved 1048576K
}
Event: 875.551 GC heap before
{Heap before GC invocations=36 (full 2):
 PSYoungGen      total 137216K, used 136848K [0x00000000d5580000, 0x00000000dec80000, 0x0000000100000000)
  eden space 128000K, 100% used [0x00000000d5580000,0x00000000dd280000,0x00000000dd280000)
  from space 9216K, 96% used [0x00000000dd580000,0x00000000dde24100,0x00000000dde80000)
  to   space 13312K, 0% used [0x00000000ddf80000,0x00000000ddf80000,0x00000000dec80000)
 ParOldGen       total 150016K, used 30404K [0x0000000080000000, 0x0000000089280000, 0x00000000d5580000)
  object space 150016K, 20% used [0x0000000080000000,0x0000000081db10b0,0x0000000089280000)
 Metaspace       used 44522K, capacity 46582K, committed 46720K, reserved 1089536K
  class space    used 5203K, capacity 5935K, committed 6016K, reserved 1048576K
Event: 880.115 GC heap after
Heap after GC invocations=36 (full 2):
 PSYoungGen      total 134144K, used 8952K [0x00000000d5580000, 0x00000000de880000, 0x0000000100000000)
  eden space 124928K, 0% used [0x00000000d5580000,0x00000000d5580000,0x00000000dcf80000)
  from space 9216K, 97% used [0x00000000ddf80000,0x00000000de83e0d8,0x00000000de880000)
  to   space 12800K, 0% used [0x00000000dcf80000,0x00000000dcf80000,0x00000000ddc00000)
 ParOldGen       total 150016K, used 31292K [0x0000000080000000, 0x0000000089280000, 0x00000000d5580000)
  object space 150016K, 20% used [0x0000000080000000,0x0000000081e8f1d0,0x0000000089280000)
 Metaspace       used 44522K, capacity 46582K, committed 46720K, reserved 1089536K
  class space    used 5203K, capacity 5935K, committed 6016K, reserved 1048576K
}
Event: 3055.391 GC heap before
{Heap before GC invocations=37 (full 2):
 PSYoungGen      total 134144K, used 133880K [0x00000000d5580000, 0x00000000de880000, 0x0000000100000000)
  eden space 124928K, 100% used [0x00000000d5580000,0x00000000dcf80000,0x00000000dcf80000)
  from space 9216K, 97% used [0x00000000ddf80000,0x00000000de83e0d8,0x00000000de880000)
  to   space 12800K, 0% used [0x00000000dcf80000,0x00000000dcf80000,0x00000000ddc00000)
 ParOldGen       total 150016K, used 31292K [0x0000000080000000, 0x0000000089280000, 0x00000000d5580000)
  object space 150016K, 20% used [0x0000000080000000,0x0000000081e8f1d0,0x0000000089280000)
 Metaspace       used 44739K, capacity 46808K, committed 46976K, reserved 1089536K
  class space    used 5231K, capacity 5986K, committed 6016K, reserved 1048576K
Event: 3068.622 GC heap after
Heap after GC invocations=37 (full 2):
 PSYoungGen      total 130560K, used 8656K [0x00000000d5580000, 0x00000000de480000, 0x0000000100000000)
  eden space 121856K, 0% used [0x00000000d5580000,0x00000000d5580000,0x00000000dcc80000)
  from space 8704K, 99% used [0x00000000dcf80000,0x00000000dd7f4210,0x00000000dd800000)
  to   space 12288K, 0% used [0x00000000dd880000,0x00000000dd880000,0x00000000de480000)
 ParOldGen       total 150016K, used 31748K [0x0000000080000000, 0x0000000089280000, 0x00000000d5580000)
  object space 150016K, 21% used [0x0000000080000000,0x0000000081f01290,0x0000000089280000)
 Metaspace       used 44739K, capacity 46808K, committed 46976K, reserved 1089536K
  class space    used 5231K, capacity 5986K, committed 6016K, reserved 1048576K
}
Event: 3916.184 GC heap before
{Heap before GC invocations=38 (full 2):
 PSYoungGen      total 130560K, used 130512K [0x00000000d5580000, 0x00000000de480000, 0x0000000100000000)
  eden space 121856K, 100% used [0x00000000d5580000,0x00000000dcc80000,0x00000000dcc80000)
  from space 8704K, 99% used [0x00000000dcf80000,0x00000000dd7f4210,0x00000000dd800000)
  to   space 12288K, 0% used [0x00000000dd880000,0x00000000dd880000,0x00000000de480000)
 ParOldGen       total 150016K, used 31748K [0x0000000080000000, 0x0000000089280000, 0x00000000d5580000)
  object space 150016K, 21% used [0x0000000080000000,0x0000000081f01290,0x0000000089280000)
 Metaspace       used 44929K, capacity 47044K, committed 47360K, reserved 1091584K
  class space    used 5253K, capacity 6042K, committed 6144K, reserved 1048576K
Event: 3917.486 GC heap after
Heap after GC invocations=38 (full 2):
 PSYoungGen      total 130048K, used 5792K [0x00000000d5580000, 0x00000000de300000, 0x0000000100000000)
  eden space 119296K, 0% used [0x00000000d5580000,0x00000000d5580000,0x00000000dca00000)
  from space 10752K, 53% used [0x00000000dd880000,0x00000000dde28380,0x00000000de300000)
  to   space 12800K, 0% used [0x00000000dca00000,0x00000000dca00000,0x00000000dd680000)
 ParOldGen       total 150016K, used 32444K [0x0000000080000000, 0x0000000089280000, 0x00000000d5580000)
  object space 150016K, 21% used [0x0000000080000000,0x0000000081faf3f0,0x0000000089280000)
 Metaspace       used 44929K, capacity 47044K, committed 47360K, reserved 1091584K
  class space    used 5253K, capacity 6042K, committed 6144K, reserved 1048576K
}
Event: 4130.119 GC heap before
{Heap before GC invocations=39 (full 2):
 PSYoungGen      total 130048K, used 125088K [0x00000000d5580000, 0x00000000de300000, 0x0000000100000000)
  eden space 119296K, 100% used [0x00000000d5580000,0x00000000dca00000,0x00000000dca00000)
  from space 10752K, 53% used [0x00000000dd880000,0x00000000dde28380,0x00000000de300000)
  to   space 12800K, 0% used [0x00000000dca00000,0x00000000dca00000,0x00000000dd680000)
 ParOldGen       total 150016K, used 32444K [0x0000000080000000, 0x0000000089280000, 0x00000000d5580000)
  object space 150016K, 21% used [0x0000000080000000,0x0000000081faf3f0,0x0000000089280000)
 Metaspace       used 44968K, capacity 47144K, committed 47360K, reserved 1091584K
  class space    used 5257K, capacity 6053K, committed 6144K, reserved 1048576K
Event: 4130.610 GC heap after
Heap after GC invocations=39 (full 2):
 PSYoungGen      total 122880K, used 5632K [0x00000000d5580000, 0x00000000de080000, 0x0000000100000000)
  eden space 116736K, 0% used [0x00000000d5580000,0x00000000d5580000,0x00000000dc780000)
  from space 6144K, 91% used [0x00000000dca00000,0x00000000dcf80330,0x00000000dd000000)
  to   space 12800K, 0% used [0x00000000dd400000,0x00000000dd400000,0x00000000de080000)
 ParOldGen       total 150016K, used 32853K [0x0000000080000000, 0x0000000089280000, 0x00000000d5580000)
  object space 150016K, 21% used [0x0000000080000000,0x00000000820154f0,0x0000000089280000)
 Metaspace       used 44968K, capacity 47144K, committed 47360K, reserved 1091584K
  class space    used 5257K, capacity 6053K, committed 6144K, reserved 1048576K
}

Deoptimization events (10 events):
Event: 1632.974 Thread 0x0000000003197800 Uncommon trap: reason=class_check action=maybe_recompile pc=0x000000000385fa28 method=java.util.Spliterators$IteratorSpliterator.forEachRemaining(Ljava/util/function/Consumer;)V @ 52
Event: 2196.985 Thread 0x0000000003197800 Uncommon trap: reason=unstable_if action=reinterpret pc=0x000000000478e510 method=java.util.Formatter$FormatSpecifier.localizedMagnitude(Ljava/lang/StringBuilder;[CLjava/util/Formatter$Flags;ILjava/util/Locale;)Ljava/lang/StringBuilder; @ 307
Event: 2648.201 Thread 0x000000001d027800 Uncommon trap: reason=unstable_if action=reinterpret pc=0x0000000003e62018 method=org.openqa.selenium.io.CircularOutputStream.write(I)V @ 9
Event: 2758.503 Thread 0x0000000003197800 Uncommon trap: reason=unstable_if action=reinterpret pc=0x0000000004469008 method=com.google.common.collect.RegularImmutableMap.get(Ljava/lang/Object;[Lcom/google/common/collect/ImmutableMapEntry;I)Ljava/lang/Object; @ 5
Event: 2761.345 Thread 0x0000000003197800 Uncommon trap: reason=class_check action=maybe_recompile pc=0x000000000385fa28 method=java.util.Spliterators$IteratorSpliterator.forEachRemaining(Ljava/util/function/Consumer;)V @ 52
Event: 2964.973 Thread 0x0000000003197800 Uncommon trap: reason=class_check action=maybe_recompile pc=0x000000000385fa28 method=java.util.Spliterators$IteratorSpliterator.forEachRemaining(Ljava/util/function/Consumer;)V @ 52
Event: 2969.519 Thread 0x0000000003197800 Uncommon trap: reason=unstable_if action=reinterpret pc=0x000000000446a674 method=com.google.common.collect.RegularImmutableMap.get(Ljava/lang/Object;[Lcom/google/common/collect/ImmutableMapEntry;I)Ljava/lang/Object; @ 5
Event: 2969.738 Thread 0x0000000003197800 Uncommon trap: reason=class_check action=maybe_recompile pc=0x000000000385fa28 method=java.util.Spliterators$IteratorSpliterator.forEachRemaining(Ljava/util/function/Consumer;)V @ 52
Event: 3578.936 Thread 0x0000000003197800 Uncommon trap: reason=unstable_if action=reinterpret pc=0x0000000004cef688 method=sun.nio.cs.StreamDecoder.inReady()Z @ 14
Event: 3763.745 Thread 0x0000000003197800 Uncommon trap: reason=unstable_if action=reinterpret pc=0x0000000004136820 method=java.util.WeakHashMap.remove(Ljava/lang/Object;)Ljava/lang/Object; @ 94

Classes redefined (0 events):
No events

Internal exceptions (10 events):
Event: 4147.303 Thread 0x0000000003197800 Exception <a 'java/net/SocketTimeoutException': Read timed out> (0x00000000dbeb13f0) thrown at [C:\jenkins\workspace\zulu8-silver-build-win64\zulu-src\hotspot\src\share\vm\prims\jni.cpp, line 738]
Event: 4147.318 Thread 0x0000000003197800 Exception <a 'java/net/SocketTimeoutException': Read timed out> (0x00000000dbec5038) thrown at [C:\jenkins\workspace\zulu8-silver-build-win64\zulu-src\hotspot\src\share\vm\prims\jni.cpp, line 738]
Event: 4147.333 Thread 0x0000000003197800 Exception <a 'java/net/SocketTimeoutException': Read timed out> (0x00000000dbed8c80) thrown at [C:\jenkins\workspace\zulu8-silver-build-win64\zulu-src\hotspot\src\share\vm\prims\jni.cpp, line 738]
Event: 4147.348 Thread 0x0000000003197800 Exception <a 'java/net/SocketTimeoutException': Read timed out> (0x00000000dbeec8c8) thrown at [C:\jenkins\workspace\zulu8-silver-build-win64\zulu-src\hotspot\src\share\vm\prims\jni.cpp, line 738]
Event: 4147.364 Thread 0x0000000003197800 Exception <a 'java/net/SocketTimeoutException': Read timed out> (0x00000000dbf00510) thrown at [C:\jenkins\workspace\zulu8-silver-build-win64\zulu-src\hotspot\src\share\vm\prims\jni.cpp, line 738]
Event: 4147.380 Thread 0x0000000003197800 Exception <a 'java/net/SocketTimeoutException': Read timed out> (0x00000000dbf14158) thrown at [C:\jenkins\workspace\zulu8-silver-build-win64\zulu-src\hotspot\src\share\vm\prims\jni.cpp, line 738]
Event: 4147.395 Thread 0x0000000003197800 Exception <a 'java/net/SocketTimeoutException': Read timed out> (0x00000000dbf27da0) thrown at [C:\jenkins\workspace\zulu8-silver-build-win64\zulu-src\hotspot\src\share\vm\prims\jni.cpp, line 738]
Event: 4147.410 Thread 0x0000000003197800 Exception <a 'java/net/SocketTimeoutException': Read timed out> (0x00000000dbf3b9e8) thrown at [C:\jenkins\workspace\zulu8-silver-build-win64\zulu-src\hotspot\src\share\vm\prims\jni.cpp, line 738]
Event: 4147.425 Thread 0x0000000003197800 Exception <a 'java/net/SocketTimeoutException': Read timed out> (0x00000000dbf4f630) thrown at [C:\jenkins\workspace\zulu8-silver-build-win64\zulu-src\hotspot\src\share\vm\prims\jni.cpp, line 738]
Event: 4147.440 Thread 0x0000000003197800 Exception <a 'java/net/SocketTimeoutException': Read timed out> (0x00000000dbf63278) thrown at [C:\jenkins\workspace\zulu8-silver-build-win64\zulu-src\hotspot\src\share\vm\prims\jni.cpp, line 738]

Events (10 events):
Event: 4139.820 loading class Script1BeanInfo done
Event: 4139.820 loading class Script1Customizer
Event: 4139.820 loading class Script1Customizer done
Event: 4139.821 loading class Script1Customizer
Event: 4139.821 loading class Script1Customizer done
Event: 4139.823 loading class Script1Customizer
Event: 4139.823 loading class Script1Customizer done
Event: 4141.495 Thread 0x000000001a80a000 flushing nmethod 0x0000000003bc8f50
Event: 4141.517 Thread 0x000000001a82f800 flushing nmethod 0x0000000003c65750
Event: 4141.518 Thread 0x000000001a82f800 flushing nmethod 0x0000000003d61390


Dynamic libraries:
0x00007ff76e6c0000 - 0x00007ff76e6f5000 	C:\Users\sudhak\Downloads\Katalon_Studio_Windows_64-8.6.0\Katalon_Studio_Windows_64-8.6.0\jre\bin\javaw.exe
0x00007ffc73930000 - 0x00007ffc73b28000 	C:\WINDOWS\SYSTEM32\ntdll.dll
0x00007ffc73510000 - 0x00007ffc735cf000 	C:\WINDOWS\System32\KERNEL32.DLL
0x00007ffc71490000 - 0x00007ffc71786000 	C:\WINDOWS\System32\KERNELBASE.dll
0x00007ffc57f70000 - 0x00007ffc582d9000 	C:\WINDOWS\system32\ctiuser.dll
0x00007ffc72f30000 - 0x00007ffc72fdf000 	C:\WINDOWS\System32\ADVAPI32.dll
0x00007ffc72c80000 - 0x00007ffc72d1e000 	C:\WINDOWS\System32\msvcrt.dll
0x00007ffc71c30000 - 0x00007ffc71ccc000 	C:\WINDOWS\System32\sechost.dll
0x00007ffc721e0000 - 0x00007ffc72306000 	C:\WINDOWS\System32\RPCRT4.dll
0x00007ffc72d20000 - 0x00007ffc72ebd000 	C:\WINDOWS\System32\USER32.dll
0x00007ffc71140000 - 0x00007ffc71162000 	C:\WINDOWS\System32\win32u.dll
0x00007ffc738c0000 - 0x00007ffc738ec000 	C:\WINDOWS\System32\GDI32.dll
0x00007ffc71170000 - 0x00007ffc71285000 	C:\WINDOWS\System32\gdi32full.dll
0x00007ffc71290000 - 0x00007ffc7132d000 	C:\WINDOWS\System32\msvcp_win.dll
0x00007ffc71790000 - 0x00007ffc71890000 	C:\WINDOWS\System32\ucrtbase.dll
0x00007ffc5e250000 - 0x00007ffc5e4ea000 	C:\WINDOWS\WinSxS\amd64_microsoft.windows.common-controls_6595b64144ccf1df_6.0.19041.1110_none_60b5254171f9507e\COMCTL32.dll
0x00007ffc5fa80000 - 0x00007ffc5fa8b000 	C:\WINDOWS\system32\FLTLIB.DLL
0x00007ffc72c50000 - 0x00007ffc72c80000 	C:\WINDOWS\System32\IMM32.DLL
0x000000005b6c0000 - 0x000000005b792000 	C:\Users\sudhak\Downloads\Katalon_Studio_Windows_64-8.6.0\Katalon_Studio_Windows_64-8.6.0\jre\bin\msvcr100.dll
0x000000005b7a0000 - 0x000000005c065000 	C:\Users\sudhak\Downloads\Katalon_Studio_Windows_64-8.6.0\Katalon_Studio_Windows_64-8.6.0\jre\bin\server\jvm.dll
0x00007ffc71990000 - 0x00007ffc71998000 	C:\WINDOWS\System32\PSAPI.DLL
0x00007ffc4b880000 - 0x00007ffc4b889000 	C:\WINDOWS\SYSTEM32\WSOCK32.dll
0x00007ffc735d0000 - 0x00007ffc7363b000 	C:\WINDOWS\System32\WS2_32.dll
0x00007ffc548e0000 - 0x00007ffc54907000 	C:\WINDOWS\SYSTEM32\WINMM.dll
0x00007ffc691b0000 - 0x00007ffc691ba000 	C:\WINDOWS\SYSTEM32\VERSION.dll
0x00007ffc2db00000 - 0x00007ffc2db0f000 	C:\Users\sudhak\Downloads\Katalon_Studio_Windows_64-8.6.0\Katalon_Studio_Windows_64-8.6.0\jre\bin\verify.dll
0x00007ffc24840000 - 0x00007ffc24869000 	C:\Users\sudhak\Downloads\Katalon_Studio_Windows_64-8.6.0\Katalon_Studio_Windows_64-8.6.0\jre\bin\java.dll
0x00007ffc24820000 - 0x00007ffc24836000 	C:\Users\sudhak\Downloads\Katalon_Studio_Windows_64-8.6.0\Katalon_Studio_Windows_64-8.6.0\jre\bin\zip.dll
0x00007ffc723c0000 - 0x00007ffc72b04000 	C:\WINDOWS\System32\SHELL32.dll
0x00007ffc6f060000 - 0x00007ffc6f7f3000 	C:\WINDOWS\SYSTEM32\windows.storage.dll
0x00007ffc71cd0000 - 0x00007ffc72024000 	C:\WINDOWS\System32\combase.dll
0x00007ffc70990000 - 0x00007ffc709be000 	C:\WINDOWS\SYSTEM32\Wldp.dll
0x00007ffc736f0000 - 0x00007ffc7379d000 	C:\WINDOWS\System32\SHCORE.dll
0x00007ffc719a0000 - 0x00007ffc719f5000 	C:\WINDOWS\System32\shlwapi.dll
0x00007ffc70f50000 - 0x00007ffc70f6f000 	C:\WINDOWS\SYSTEM32\profapi.dll
0x00007ffc24800000 - 0x00007ffc2481b000 	C:\Users\sudhak\Downloads\Katalon_Studio_Windows_64-8.6.0\Katalon_Studio_Windows_64-8.6.0\jre\bin\net.dll
0x00007ffc706f0000 - 0x00007ffc7075a000 	C:\WINDOWS\system32\mswsock.dll
0x00007ffc247e0000 - 0x00007ffc247f1000 	C:\Users\sudhak\Downloads\Katalon_Studio_Windows_64-8.6.0\Katalon_Studio_Windows_64-8.6.0\jre\bin\nio.dll
0x00007ffc708e0000 - 0x00007ffc708f8000 	C:\WINDOWS\SYSTEM32\CRYPTSP.dll
0x00007ffc70010000 - 0x00007ffc70044000 	C:\WINDOWS\system32\rsaenh.dll
0x00007ffc71010000 - 0x00007ffc71037000 	C:\WINDOWS\System32\bcrypt.dll
0x00007ffc70ed0000 - 0x00007ffc70efe000 	C:\WINDOWS\SYSTEM32\USERENV.dll
0x00007ffc71040000 - 0x00007ffc710c2000 	C:\WINDOWS\System32\bcryptprimitives.dll
0x00007ffc70900000 - 0x00007ffc7090c000 	C:\WINDOWS\SYSTEM32\CRYPTBASE.dll
0x00007ffc703e0000 - 0x00007ffc7041c000 	C:\WINDOWS\SYSTEM32\IPHLPAPI.DLL
0x00007ffc72b10000 - 0x00007ffc72b18000 	C:\WINDOWS\System32\NSI.dll
0x00007ffc6b110000 - 0x00007ffc6b127000 	C:\WINDOWS\SYSTEM32\dhcpcsvc6.DLL
0x00007ffc6b0f0000 - 0x00007ffc6b10d000 	C:\WINDOWS\SYSTEM32\dhcpcsvc.DLL
0x00007ffc70420000 - 0x00007ffc704eb000 	C:\WINDOWS\SYSTEM32\DNSAPI.dll
0x00007ffc69150000 - 0x00007ffc6915a000 	C:\Windows\System32\rasadhlp.dll
0x00007ffc6b040000 - 0x00007ffc6b0c2000 	C:\WINDOWS\System32\fwpuclnt.dll
0x00007ffc24200000 - 0x00007ffc24224000 	C:\Users\sudhak\Downloads\Katalon_Studio_Windows_64-8.6.0\Katalon_Studio_Windows_64-8.6.0\jre\bin\sunec.dll
0x00007ffc1b4d0000 - 0x00007ffc1b4dc000 	C:\Users\sudhak\Downloads\Katalon_Studio_Windows_64-8.6.0\Katalon_Studio_Windows_64-8.6.0\jre\bin\sunmscapi.dll
0x00007ffc71330000 - 0x00007ffc7148e000 	C:\WINDOWS\System32\CRYPT32.dll
0x00007ffc70a00000 - 0x00007ffc70a28000 	C:\WINDOWS\SYSTEM32\ncrypt.dll
0x00007ffc709c0000 - 0x00007ffc709fb000 	C:\WINDOWS\SYSTEM32\NTASN1.dll
0x00007ffc68ea0000 - 0x00007ffc68eb7000 	C:\WINDOWS\system32\napinsp.dll
0x00007ffc68c90000 - 0x00007ffc68cab000 	C:\WINDOWS\system32\pnrpnsp.dll
0x00007ffc68e80000 - 0x00007ffc68e95000 	C:\WINDOWS\system32\wshbth.dll
0x00007ffc6e1d0000 - 0x00007ffc6e1ed000 	C:\WINDOWS\system32\NLAapi.dll
0x00007ffc68ec0000 - 0x00007ffc68ed2000 	C:\WINDOWS\System32\winrnr.dll
0x00007ffc1b4c0000 - 0x00007ffc1b4cd000 	C:\Users\sudhak\Downloads\Katalon_Studio_Windows_64-8.6.0\Katalon_Studio_Windows_64-8.6.0\jre\bin\management.dll

VM Arguments:
jvm_args: -Dgroovy.home=C:\Users\sudhak/.groovy -Djava.system.class.loader=groovy.lang.GroovyClassLoader -Xmx2048m -Dfile.encoding=UTF-8 
java_command: org.codehaus.groovy.tools.GroovyStarter --classpath C:\Acc-master\Acc-master\bin\keyword;C:\Acc-master\Acc-master\Keywords;C:\Acc-master\Acc-master\bin\listener;C:\Acc-master\Acc-master\Test Listeners;C:\Acc-master\Acc-master\bin\lib;C:\Acc-master\Acc-master\Libs;C:\Acc-master\Acc-master\bin\groovy;C:\Acc-master\Acc-master\Include\scripts\groovy;C:\Users\sudhak\Downloads\Katalon_Studio_Windows_64-8.6.0\Katalon_Studio_Windows_64-8.6.0\plugins\com.kms.katalon.core_1.0.0.202303100818.jar;C:\Users\sudhak\Downloads\Katalon_Studio_Windows_64-8.6.0\Katalon_Studio_Windows_64-8.6.0\configuration\resources\lib\aalto-xml-1.0.0.jar;C:\Users\sudhak\Downloads\Katalon_Studio_Windows_64-8.6.0\Katalon_Studio_Windows_64-8.6.0\configuration\resources\lib\aspectjweaver-1.9.1.jar;C:\Users\sudhak\Downloads\Katalon_Studio_Windows_64-8.6.0\Katalon_Studio_Windows_64-8.6.0\configuration\resources\lib\bcpkix-jdk15on-1.64.jar;C:\Users\sudhak\Downloads\Katalon_Studio_Windows_64-8.6.0\Katalon_Studio_Windows_64-8.6.0\configuration\resources\lib\bcprov-jdk15on-1.64.jar;C:\Users\sudhak\Downloads\Katalon_Studio_Windows_64-8.6.0\Katalon_Studio_Windows_64-8.6.0\configuration\resources\lib\browsermob-core-2.1.5.jar;C:\Users\sudhak\Downloads\Katalon_Studio_Windows_64-8.6.0\Katalon_Studio_Windows_64-8.6.0\configuration\resources\lib\cglib-3.2.10.jar;C:\Users\sudhak\Downloads\Katalon_Studio_Windows_64-8.6.0\Katalon_Studio_Windows_64-8.6.0\configuration\resources\lib\commons-codec-1.10.jar;C:\Users\sudhak\Downloads\Katalon_Studio_Windows_64-8.6.0\Katalon_Studio_Windows_64-8.6.0\configuration\resources\lib\commons-collections4-4.1.jar;C:\Users\sudhak\Downloads\Katalon_Studio_Windows_64-8.6.0\Katalon_Studio_Windows_64-8.6.0\configuration\resources\lib\commons-validator-1.6.jar;C:\Users\sudhak\Downloads\Katalon_Studio_Windows_64-8.6.0\Katalon_Studio_Windows_64-8.6.0\configuration\resources\lib\curvesapi-1.04.jar;C:\Users\sudhak\Downloads\Katalon_Studio_Windows_64-8.6.0\Katalon_Studio_Windows_6
java_class_path (initial): C:\Acc-master\Acc-master\bin\keyword;C:\Acc-master\Acc-master\bin\listener;C:\Acc-master\Acc-master\bin\lib;C:\Acc-master\Acc-master\bin\groovy;C:\Acc-master\Acc-master\bin;C:\Users\sudhak\Downloads\Katalon_Studio_Windows_64-8.6.0\Katalon_Studio_Windows_64-8.6.0\plugins\com.kms.katalon.core_1.0.0.202303100818.jar;C:\Users\sudhak\Downloads\Katalon_Studio_Windows_64-8.6.0\Katalon_Studio_Windows_64-8.6.0\configuration\resources\lib\aalto-xml-1.0.0.jar;C:\Users\sudhak\Downloads\Katalon_Studio_Windows_64-8.6.0\Katalon_Studio_Windows_64-8.6.0\configuration\resources\lib\aspectjweaver-1.9.1.jar;C:\Users\sudhak\Downloads\Katalon_Studio_Windows_64-8.6.0\Katalon_Studio_Windows_64-8.6.0\configuration\resources\lib\bcpkix-jdk15on-1.64.jar;C:\Users\sudhak\Downloads\Katalon_Studio_Windows_64-8.6.0\Katalon_Studio_Windows_64-8.6.0\configuration\resources\lib\bcprov-jdk15on-1.64.jar;C:\Users\sudhak\Downloads\Katalon_Studio_Windows_64-8.6.0\Katalon_Studio_Windows_64-8.6.0\configuration\resources\lib\browsermob-core-2.1.5.jar;C:\Users\sudhak\Downloads\Katalon_Studio_Windows_64-8.6.0\Katalon_Studio_Windows_64-8.6.0\configuration\resources\lib\cglib-3.2.10.jar;C:\Users\sudhak\Downloads\Katalon_Studio_Windows_64-8.6.0\Katalon_Studio_Windows_64-8.6.0\configuration\resources\lib\commons-codec-1.10.jar;C:\Users\sudhak\Downloads\Katalon_Studio_Windows_64-8.6.0\Katalon_Studio_Windows_64-8.6.0\configuration\resources\lib\commons-collections4-4.1.jar;C:\Users\sudhak\Downloads\Katalon_Studio_Windows_64-8.6.0\Katalon_Studio_Windows_64-8.6.0\configuration\resources\lib\commons-validator-1.6.jar;C:\Users\sudhak\Downloads\Katalon_Studio_Windows_64-8.6.0\Katalon_Studio_Windows_64-8.6.0\configuration\resources\lib\curvesapi-1.04.jar;C:\Users\sudhak\Downloads\Katalon_Studio_Windows_64-8.6.0\Katalon_Studio_Windows_64-8.6.0\configuration\resources\lib\dnsjava-2.1.8.jar;C:\Users\sudhak\Downloads\Katalon_Studio_Windows_64-8.6.0\Katalon_Studio_Windows_64-8.6.0\configuration\reso
Launcher Type: SUN_STANDARD

Environment Variables:
PATH=C:/Users/sudhak/Downloads/Katalon_Studio_Windows_64-8.6.0/Katalon_Studio_Windows_64-8.6.0/jre/bin/server;C:/Users/sudhak/Downloads/Katalon_Studio_Windows_64-8.6.0/Katalon_Studio_Windows_64-8.6.0/jre/bin;C:/Users/sudhak/Downloads/Katalon_Studio_Windows_64-8.6.0/Katalon_Studio_Windows_64-8.6.0/jre/lib/amd64;C:\WINDOWS\system32;C:\WINDOWS;C:\WINDOWS\System32\Wbem;C:\WINDOWS\System32\WindowsPowerShell\v1.0\;C:\WINDOWS\System32\OpenSSH\;C:\Program Files\Git\cmd;C:\Program Files\PuTTY\;C:\Users\sudhak\AppData\Local\Microsoft\WindowsApps;C:\Users\sudhak\AppData\Local\GitHubDesktop\bin;C:\Program Files (x86)\Java\jre1.8.0_341\bin;;C:\Users\sudhak\Downloads\Katalon_Studio_Windows_64-8.6.0\Katalon_Studio_Windows_64-8.6.0;
USERNAME=sudhak
OS=Windows_NT
PROCESSOR_IDENTIFIER=Intel64 Family 6 Model 60 Stepping 3, GenuineIntel



---------------  S Y S T E M  ---------------

OS: Windows 10.0 , 64 bit Build 19041 (10.0.19041.2913)

CPU:total 8 (initial active 8) (4 cores per cpu, 2 threads per core) family 6 model 60 stepping 3, cmov, cx8, fxsr, mmx, sse, sse2, sse3, ssse3, sse4.1, sse4.2, popcnt, avx, avx2, aes, clmul, erms, lzcnt, ht, tsc, tscinvbit, bmi1, bmi2

Memory: 4k page, physical 16683152k(727244k free), swap 67014800k(507360k free)

vm_info: OpenJDK 64-Bit Server VM (25.282-b08) for windows-amd64 JRE (Zulu 8.52.0.23-CA-win64) (1.8.0_282-b08), built on Jan 12 2021 07:45:49 by "tester" with MS VC++ 10.0 (VS2010)

time: Fri May 26 18:26:38 2023
timezone: India Standard Time
elapsed time: 4150.310994 seconds (0d 1h 9m 10s)

