#
# There is insufficient memory for the Java Runtime Environment to continue.
# Native memory allocation (malloc) failed to allocate 1434096 bytes for Chunk::new
# Possible reasons:
#   The system is out of physical RAM or swap space
#   The process is running with CompressedOops enabled, and the Java Heap may be blocking the growth of the native heap
# Possible solutions:
#   Reduce memory load on the system
#   Increase physical memory or swap space
#   Check if swap backing store is full
#   Decrease Java heap size (-Xmx/-Xms)
#   Decrease number of Java threads
#   Decrease Java thread stack sizes (-Xss)
#   Set larger code cache with -XX:ReservedCodeCacheSize=
#   JVM is running with Unscaled Compressed Oops mode in which the Java heap is
#     placed in the first 4GB address space. The Java Heap base address is the
#     maximum limit for the native heap growth. Please use -XX:HeapBaseMinAddress
#     to set the Java Heap base and to place the Java Heap above 4GB virtual address.
# This output file may be truncated or incomplete.
#
#  Out of Memory Error (allocation.cpp:389), pid=9152, tid=0x0000000000002b2c
#
# JRE version: OpenJDK Runtime Environment (Zulu 8.52.0.23-CA-win64) (8.0_282-b08) (build 1.8.0_282-b08)
# Java VM: OpenJDK 64-Bit Server VM (25.282-b08 mixed mode windows-amd64 compressed oops)
# Failed to write core dump. Minidumps are not enabled by default on client versions of Windows
#

---------------  T H R E A D  ---------------

Current thread (0x000000001a68d000):  JavaThread "C2 CompilerThread2" daemon [_thread_in_native, id=11052, stack(0x000000001b260000,0x000000001b360000)]

Stack: [0x000000001b260000,0x000000001b360000]
[error occurred during error reporting (printing stack bounds), id 0xc0000005]

Native frames: (J=compiled Java code, j=interpreted, Vv=VM code, C=native code)


Current CompileTask:
C2:4579968 9314       4       java.lang.Class::privateGetPublicMethods (267 bytes)


---------------  P R O C E S S  ---------------

Java Threads: ( => current thread )
  0x000000001c70f800 JavaThread "ForkJoinPool.commonPool-worker-2" daemon [_thread_blocked, id=9416, stack(0x0000000023da0000,0x0000000023ea0000)]
  0x000000001c70b800 JavaThread "ForkJoinPool.commonPool-worker-7" daemon [_thread_blocked, id=1188, stack(0x0000000023ca0000,0x0000000023da0000)]
  0x000000001c70e000 JavaThread "Exec Stream Pumper" daemon [_thread_in_native, id=5228, stack(0x00000000227d0000,0x00000000228d0000)]
  0x000000001c70d000 JavaThread "Exec Stream Pumper" daemon [_thread_in_native, id=6220, stack(0x00000000226d0000,0x00000000227d0000)]
  0x000000001c70a000 JavaThread "Exec Default Executor" daemon [_thread_in_native, id=6756, stack(0x00000000222d0000,0x00000000223d0000)]
  0x000000001c2da800 JavaThread "Exec Stream Pumper" daemon [_thread_in_native, id=3504, stack(0x00000000221d0000,0x00000000222d0000)]
  0x000000001c2d9000 JavaThread "Exec Stream Pumper" daemon [_thread_in_native, id=13004, stack(0x00000000219d0000,0x0000000021ad0000)]
  0x000000001c2d9800 JavaThread "Exec Default Executor" daemon [_thread_in_native, id=8712, stack(0x00000000218d0000,0x00000000219d0000)]
  0x000000001c2d0800 JavaThread "Exec Stream Pumper" daemon [_thread_in_native, id=12876, stack(0x00000000217d0000,0x00000000218d0000)]
  0x000000001c2d7800 JavaThread "Exec Stream Pumper" daemon [_thread_in_native, id=12812, stack(0x00000000216d0000,0x00000000217d0000)]
  0x000000001c2d3800 JavaThread "Exec Default Executor" daemon [_thread_in_native, id=11444, stack(0x0000000020fd0000,0x00000000210d0000)]
  0x000000001c2db800 JavaThread "OkHttp ConnectionPool" daemon [_thread_blocked, id=932, stack(0x00000000225d0000,0x00000000226d0000)]
  0x000000001c2cf800 JavaThread "Exec Stream Pumper" daemon [_thread_in_native, id=12908, stack(0x000000001f720000,0x000000001f820000)]
  0x000000001c2d6800 JavaThread "Exec Stream Pumper" daemon [_thread_in_native, id=7056, stack(0x000000001e240000,0x000000001e340000)]
  0x000000001c2ce000 JavaThread "Exec Default Executor" daemon [_thread_in_native, id=13280, stack(0x00000000010e0000,0x00000000011e0000)]
  0x000000001ec2d000 JavaThread "Okio Watchdog" daemon [_thread_blocked, id=7776, stack(0x0000000021ad0000,0x0000000021bd0000)]
  0x000000001a6ce800 JavaThread "Service Thread" daemon [_thread_blocked, id=10908, stack(0x000000001b560000,0x000000001b660000)]
  0x000000001a692000 JavaThread "C1 CompilerThread3" daemon [_thread_blocked, id=3952, stack(0x000000001b460000,0x000000001b560000)]
=>0x000000001a68d000 JavaThread "C2 CompilerThread2" daemon [_thread_in_native, id=11052, stack(0x000000001b260000,0x000000001b360000)]
  0x000000001a688000 JavaThread "C2 CompilerThread1" daemon [_thread_blocked, id=3960, stack(0x000000001b160000,0x000000001b260000)]
  0x000000001a687800 JavaThread "C2 CompilerThread0" daemon [_thread_blocked, id=7576, stack(0x000000001b060000,0x000000001b160000)]
  0x000000001a679800 JavaThread "Attach Listener" daemon [_thread_blocked, id=11144, stack(0x000000001af60000,0x000000001b060000)]
  0x000000001a2e2000 JavaThread "Signal Dispatcher" daemon [_thread_blocked, id=6416, stack(0x000000001ae60000,0x000000001af60000)]
  0x0000000019f78800 JavaThread "Finalizer" daemon [_thread_blocked, id=4316, stack(0x000000001a450000,0x000000001a550000)]
  0x000000001818e800 JavaThread "Reference Handler" daemon [_thread_blocked, id=5732, stack(0x000000001a350000,0x000000001a450000)]
  0x0000000002ff7800 JavaThread "main" [_thread_in_native, id=604, stack(0x0000000002ed0000,0x0000000002fd0000)]

Other Threads:
  0x0000000018185800 VMThread [stack: 0x0000000019e50000,0x0000000019f50000] [id=6212]
  0x000000001a328000 WatcherThread [stack: 0x000000001b660000,0x000000001b760000] [id=7600]

VM state:not at safepoint (normal execution)

VM Mutex/Monitor currently owned by a thread: None

heap address: 0x0000000080000000, size: 2048 MB, Compressed Oops mode: 32-bit
Narrow klass base: 0x0000000000000000, Narrow klass shift: 3
Compressed class space size: 1073741824 Address: 0x0000000100000000

Heap:
 PSYoungGen      total 524800K, used 295721K [0x00000000d5580000, 0x00000000ffd80000, 0x0000000100000000)
  eden space 504832K, 56% used [0x00000000d5580000,0x00000000e6b25988,0x00000000f4280000)
  from space 19968K, 57% used [0x00000000f4280000,0x00000000f4da4cd8,0x00000000f5600000)
  to   space 18944K, 0% used [0x00000000feb00000,0x00000000feb00000,0x00000000ffd80000)
 ParOldGen       total 183808K, used 32947K [0x0000000080000000, 0x000000008b380000, 0x00000000d5580000)
  object space 183808K, 17% used [0x0000000080000000,0x000000008202cc20,0x000000008b380000)
 Metaspace       used 46284K, capacity 48766K, committed 48896K, reserved 1091584K
  class space    used 5404K, capacity 6287K, committed 6400K, reserved 1048576K

Card table byte_map: [0x00000000124a0000,0x00000000128b0000] byte_map_base: 0x00000000120a0000

Marking Bits: (ParMarkBitMap*) 0x000000005bfe1f00
 Begin Bits: [0x0000000013360000, 0x0000000015360000)
 End Bits:   [0x0000000015360000, 0x0000000017360000)

Polling page: 0x0000000001560000

CodeCache: size=245760Kb used=31584Kb max_used=31595Kb free=214175Kb
 bounds [0x00000000030e0000, 0x0000000004ff0000, 0x00000000120e0000]
 total_blobs=8211 nmethods=7464 adapters=657
 compilation: enabled

Compilation events (10 events):
Event: 4578.405 Thread 0x000000001a692000 9316   !   3       org.apache.xerces.impl.XMLDocumentScannerImpl::reset (206 bytes)
Event: 4578.406 Thread 0x000000001a692000 nmethod 9316 0x000000000388c210 code [0x000000000388c480, 0x000000000388d758]
Event: 4578.406 Thread 0x000000001a692000 9317   !   3       org.apache.xerces.impl.XMLDocumentFragmentScannerImpl::reset (133 bytes)
Event: 4578.407 Thread 0x000000001a692000 nmethod 9317 0x000000000388b390 code [0x000000000388b560, 0x000000000388bf08]
Event: 4578.407 Thread 0x000000001a687800 9318       4       org.codehaus.groovy.ast.VariableScope::<init> (36 bytes)
Event: 4578.407 Thread 0x000000001a687800 nmethod 9318 0x000000000370d710 code [0x000000000370d840, 0x000000000370d8d8]
Event: 4578.495 Thread 0x000000001a692000 9319       3       com.kms.katalon.core.configuration.RunConfiguration::getTimeOut (9 bytes)
Event: 4578.495 Thread 0x000000001a692000 nmethod 9319 0x0000000004fa6e50 code [0x0000000004fa7060, 0x0000000004fa7b08]
Event: 4578.548 Thread 0x000000001a688000 9320       4       org.openqa.selenium.json.JsonTypeCoercer$$Lambda$42/1398508580::get (8 bytes)
Event: 4578.549 Thread 0x000000001a688000 nmethod 9320 0x00000000037e48d0 code [0x00000000037e4a20, 0x00000000037e4af8]

GC Heap History (10 events):
Event: 597.501 GC heap before
{Heap before GC invocations=21 (full 2):
 PSYoungGen      total 293888K, used 293873K [0x00000000d5580000, 0x00000000ea580000, 0x0000000100000000)
  eden space 280576K, 100% used [0x00000000d5580000,0x00000000e6780000,0x00000000e6780000)
  from space 13312K, 99% used [0x00000000e9880000,0x00000000ea57c430,0x00000000ea580000)
  to   space 18944K, 0% used [0x00000000e8080000,0x00000000e8080000,0x00000000e9300000)
 ParOldGen       total 183808K, used 27644K [0x0000000080000000, 0x000000008b380000, 0x00000000d5580000)
  object space 183808K, 15% used [0x0000000080000000,0x0000000081aff0c8,0x000000008b380000)
 Metaspace       used 44884K, capacity 46842K, committed 46976K, reserved 1089536K
  class space    used 5268K, capacity 5964K, committed 6016K, reserved 1048576K
Event: 627.017 GC heap after
Heap after GC invocations=21 (full 2):
 PSYoungGen      total 325120K, used 14769K [0x00000000d5580000, 0x00000000ef280000, 0x0000000100000000)
  eden space 306176K, 0% used [0x00000000d5580000,0x00000000d5580000,0x00000000e8080000)
  from space 18944K, 77% used [0x00000000e8080000,0x00000000e8eec460,0x00000000e9300000)
  to   space 19968K, 0% used [0x00000000edf00000,0x00000000edf00000,0x00000000ef280000)
 ParOldGen       total 183808K, used 27652K [0x0000000080000000, 0x000000008b380000, 0x00000000d5580000)
  object space 183808K, 15% used [0x0000000080000000,0x0000000081b010c8,0x000000008b380000)
 Metaspace       used 44884K, capacity 46842K, committed 46976K, reserved 1089536K
  class space    used 5268K, capacity 5964K, committed 6016K, reserved 1048576K
}
Event: 3911.286 GC heap before
{Heap before GC invocations=22 (full 2):
 PSYoungGen      total 325120K, used 320945K [0x00000000d5580000, 0x00000000ef280000, 0x0000000100000000)
  eden space 306176K, 100% used [0x00000000d5580000,0x00000000e8080000,0x00000000e8080000)
  from space 18944K, 77% used [0x00000000e8080000,0x00000000e8eec460,0x00000000e9300000)
  to   space 19968K, 0% used [0x00000000edf00000,0x00000000edf00000,0x00000000ef280000)
 ParOldGen       total 183808K, used 27652K [0x0000000080000000, 0x000000008b380000, 0x00000000d5580000)
  object space 183808K, 15% used [0x0000000080000000,0x0000000081b010c8,0x000000008b380000)
 Metaspace       used 45280K, capacity 47340K, committed 47616K, reserved 1091584K
  class space    used 5292K, capacity 6021K, committed 6144K, reserved 1048576K
Event: 3915.849 GC heap after
Heap after GC invocations=22 (full 2):
 PSYoungGen      total 401408K, used 17492K [0x00000000d5580000, 0x00000000f1480000, 0x0000000100000000)
  eden space 381440K, 0% used [0x00000000d5580000,0x00000000d5580000,0x00000000eca00000)
  from space 19968K, 87% used [0x00000000edf00000,0x00000000ef015228,0x00000000ef280000)
  to   space 21504K, 0% used [0x00000000eca00000,0x00000000eca00000,0x00000000edf00000)
 ParOldGen       total 183808K, used 27660K [0x0000000080000000, 0x000000008b380000, 0x00000000d5580000)
  object space 183808K, 15% used [0x0000000080000000,0x0000000081b030c8,0x000000008b380000)
 Metaspace       used 45280K, capacity 47340K, committed 47616K, reserved 1091584K
  class space    used 5292K, capacity 6021K, committed 6144K, reserved 1048576K
}
Event: 4258.153 GC heap before
{Heap before GC invocations=23 (full 2):
 PSYoungGen      total 401408K, used 398932K [0x00000000d5580000, 0x00000000f1480000, 0x0000000100000000)
  eden space 381440K, 100% used [0x00000000d5580000,0x00000000eca00000,0x00000000eca00000)
  from space 19968K, 87% used [0x00000000edf00000,0x00000000ef015228,0x00000000ef280000)
  to   space 21504K, 0% used [0x00000000eca00000,0x00000000eca00000,0x00000000edf00000)
 ParOldGen       total 183808K, used 27660K [0x0000000080000000, 0x000000008b380000, 0x00000000d5580000)
  object space 183808K, 15% used [0x0000000080000000,0x0000000081b030c8,0x000000008b380000)
 Metaspace       used 45591K, capacity 47818K, committed 47872K, reserved 1091584K
  class space    used 5330K, capacity 6115K, committed 6144K, reserved 1048576K
Event: 4258.287 GC heap after
Heap after GC invocations=23 (full 2):
 PSYoungGen      total 402944K, used 10780K [0x00000000d5580000, 0x00000000f7080000, 0x0000000100000000)
  eden space 381440K, 0% used [0x00000000d5580000,0x00000000d5580000,0x00000000eca00000)
  from space 21504K, 50% used [0x00000000eca00000,0x00000000ed4873e8,0x00000000edf00000)
  to   space 20480K, 0% used [0x00000000f5c80000,0x00000000f5c80000,0x00000000f7080000)
 ParOldGen       total 183808K, used 29912K [0x0000000080000000, 0x000000008b380000, 0x00000000d5580000)
  object space 183808K, 16% used [0x0000000080000000,0x0000000081d36398,0x000000008b380000)
 Metaspace       used 45591K, capacity 47818K, committed 47872K, reserved 1091584K
  class space    used 5330K, capacity 6115K, committed 6144K, reserved 1048576K
}
Event: 4449.623 GC heap before
{Heap before GC invocations=24 (full 2):
 PSYoungGen      total 402944K, used 392220K [0x00000000d5580000, 0x00000000f7080000, 0x0000000100000000)
  eden space 381440K, 100% used [0x00000000d5580000,0x00000000eca00000,0x00000000eca00000)
  from space 21504K, 50% used [0x00000000eca00000,0x00000000ed4873e8,0x00000000edf00000)
  to   space 20480K, 0% used [0x00000000f5c80000,0x00000000f5c80000,0x00000000f7080000)
 ParOldGen       total 183808K, used 29912K [0x0000000080000000, 0x000000008b380000, 0x00000000d5580000)
  object space 183808K, 16% used [0x0000000080000000,0x0000000081d36398,0x000000008b380000)
 Metaspace       used 45884K, capacity 48242K, committed 48512K, reserved 1091584K
  class space    used 5370K, capacity 6200K, committed 6272K, reserved 1048576K
Event: 4449.630 GC heap after
Heap after GC invocations=24 (full 2):
 PSYoungGen      total 518144K, used 11513K [0x00000000d5580000, 0x00000000f6980000, 0x0000000100000000)
  eden space 504832K, 0% used [0x00000000d5580000,0x00000000d5580000,0x00000000f4280000)
  from space 13312K, 86% used [0x00000000f5c80000,0x00000000f67be4d0,0x00000000f6980000)
  to   space 19968K, 0% used [0x00000000f4280000,0x00000000f4280000,0x00000000f5600000)
 ParOldGen       total 183808K, used 31479K [0x0000000080000000, 0x000000008b380000, 0x00000000d5580000)
  object space 183808K, 17% used [0x0000000080000000,0x0000000081ebdf68,0x000000008b380000)
 Metaspace       used 45884K, capacity 48242K, committed 48512K, reserved 1091584K
  class space    used 5370K, capacity 6200K, committed 6272K, reserved 1048576K
}
Event: 4558.062 GC heap before
{Heap before GC invocations=25 (full 2):
 PSYoungGen      total 518144K, used 516345K [0x00000000d5580000, 0x00000000f6980000, 0x0000000100000000)
  eden space 504832K, 100% used [0x00000000d5580000,0x00000000f4280000,0x00000000f4280000)
  from space 13312K, 86% used [0x00000000f5c80000,0x00000000f67be4d0,0x00000000f6980000)
  to   space 19968K, 0% used [0x00000000f4280000,0x00000000f4280000,0x00000000f5600000)
 ParOldGen       total 183808K, used 31479K [0x0000000080000000, 0x000000008b380000, 0x00000000d5580000)
  object space 183808K, 17% used [0x0000000080000000,0x0000000081ebdf68,0x000000008b380000)
 Metaspace       used 46161K, capacity 48560K, committed 48768K, reserved 1091584K
  class space    used 5395K, capacity 6261K, committed 6272K, reserved 1048576K
Event: 4558.071 GC heap after
Heap after GC invocations=25 (full 2):
 PSYoungGen      total 524800K, used 11411K [0x00000000d5580000, 0x00000000ffd80000, 0x0000000100000000)
  eden space 504832K, 0% used [0x00000000d5580000,0x00000000d5580000,0x00000000f4280000)
  from space 19968K, 57% used [0x00000000f4280000,0x00000000f4da4cd8,0x00000000f5600000)
  to   space 18944K, 0% used [0x00000000feb00000,0x00000000feb00000,0x00000000ffd80000)
 ParOldGen       total 183808K, used 32947K [0x0000000080000000, 0x000000008b380000, 0x00000000d5580000)
  object space 183808K, 17% used [0x0000000080000000,0x000000008202cc20,0x000000008b380000)
 Metaspace       used 46161K, capacity 48560K, committed 48768K, reserved 1091584K
  class space    used 5395K, capacity 6261K, committed 6272K, reserved 1048576K
}

Deoptimization events (10 events):
Event: 4267.135 Thread 0x0000000002ff7800 Uncommon trap: reason=unstable_if action=reinterpret pc=0x000000000388f758 method=java.lang.ref.SoftReference.get()Ljava/lang/Object; @ 6
Event: 4267.138 Thread 0x0000000002ff7800 Uncommon trap: reason=unstable_if action=reinterpret pc=0x00000000037c9dc4 method=java.lang.ref.SoftReference.get()Ljava/lang/Object; @ 6
Event: 4267.138 Thread 0x0000000002ff7800 Uncommon trap: reason=unstable_if action=reinterpret pc=0x00000000034fa774 method=java.lang.ref.SoftReference.get()Ljava/lang/Object; @ 6
Event: 4268.662 Thread 0x0000000002ff7800 Uncommon trap: reason=unstable_if action=reinterpret pc=0x0000000004ce5bf4 method=java.lang.ref.SoftReference.get()Ljava/lang/Object; @ 6
Event: 4271.938 Thread 0x0000000002ff7800 Uncommon trap: reason=unstable_if action=reinterpret pc=0x0000000003868cc0 method=java.lang.ref.SoftReference.get()Ljava/lang/Object; @ 6
Event: 4271.972 Thread 0x0000000002ff7800 Uncommon trap: reason=unstable_if action=reinterpret pc=0x000000000446a484 method=java.lang.ref.SoftReference.get()Ljava/lang/Object; @ 6
Event: 4511.835 Thread 0x0000000002ff7800 Uncommon trap: reason=unstable_if action=reinterpret pc=0x0000000004dd8e80 method=org.codehaus.groovy.antlr.parser.GroovyRecognizer.unaryExpressionNotPlusMinus(I)V @ 674
Event: 4511.975 Thread 0x0000000002ff7800 Uncommon trap: reason=unstable_if action=reinterpret pc=0x00000000032e1fe8 method=org.codehaus.groovy.ast.ClassHelper.make(Ljava/lang/String;)Lorg/codehaus/groovy/ast/ClassNode; @ 34
Event: 4537.307 Thread 0x0000000002ff7800 Uncommon trap: reason=unstable_if action=reinterpret pc=0x00000000049643fc method=org.codehaus.groovy.control.ResolveVisitor.transformVariableExpression(Lorg/codehaus/groovy/ast/expr/VariableExpression;)Lorg/codehaus/groovy/ast/expr/Expression; @ 197
Event: 4537.439 Thread 0x0000000002ff7800 Uncommon trap: reason=unstable_if action=reinterpret pc=0x0000000004a76c78 method=org.codehaus.groovy.classgen.asm.OptimizingStatementWriter$OptimizeFlagsCollector.chainShouldOptimize(Z)V @ 12

Classes redefined (0 events):
No events

Internal exceptions (10 events):
Event: 4578.448 Thread 0x0000000002ff7800 Exception <a 'java/security/PrivilegedActionException'> (0x00000000e5d5eb18) thrown at [C:\jenkins\workspace\zulu8-silver-build-win64\zulu-src\hotspot\src\share\vm\prims\jvm.cpp, line 1529]
Event: 4578.448 Thread 0x0000000002ff7800 Exception <a 'java/security/PrivilegedActionException'> (0x00000000e5d5f0f8) thrown at [C:\jenkins\workspace\zulu8-silver-build-win64\zulu-src\hotspot\src\share\vm\prims\jvm.cpp, line 1529]
Event: 4578.448 Thread 0x0000000002ff7800 Exception <a 'java/security/PrivilegedActionException'> (0x00000000e5d720f8) thrown at [C:\jenkins\workspace\zulu8-silver-build-win64\zulu-src\hotspot\src\share\vm\prims\jvm.cpp, line 1529]
Event: 4578.448 Thread 0x0000000002ff7800 Exception <a 'java/security/PrivilegedActionException'> (0x00000000e5d726d8) thrown at [C:\jenkins\workspace\zulu8-silver-build-win64\zulu-src\hotspot\src\share\vm\prims\jvm.cpp, line 1529]
Event: 4578.487 Thread 0x0000000002ff7800 Exception <a 'java/lang/ClassNotFoundException': Script1BeanInfo> (0x00000000e5f19bf0) thrown at [C:\jenkins\workspace\zulu8-silver-build-win64\zulu-src\hotspot\src\share\vm\classfile\systemDictionary.cpp, line 220]
Event: 4578.491 Thread 0x0000000002ff7800 Exception <a 'java/lang/ClassNotFoundException': Script1Customizer> (0x00000000e5f99220) thrown at [C:\jenkins\workspace\zulu8-silver-build-win64\zulu-src\hotspot\src\share\vm\classfile\systemDictionary.cpp, line 220]
Event: 4578.511 Thread 0x0000000002ff7800 Exception <a 'java/net/SocketTimeoutException': Read timed out> (0x00000000e6170360) thrown at [C:\jenkins\workspace\zulu8-silver-build-win64\zulu-src\hotspot\src\share\vm\prims\jni.cpp, line 738]
Event: 4578.526 Thread 0x0000000002ff7800 Exception <a 'java/net/SocketTimeoutException': Read timed out> (0x00000000e618bb90) thrown at [C:\jenkins\workspace\zulu8-silver-build-win64\zulu-src\hotspot\src\share\vm\prims\jni.cpp, line 738]
Event: 4578.541 Thread 0x0000000002ff7800 Exception <a 'java/net/SocketTimeoutException': Read timed out> (0x00000000e61a0278) thrown at [C:\jenkins\workspace\zulu8-silver-build-win64\zulu-src\hotspot\src\share\vm\prims\jni.cpp, line 738]
Event: 4578.556 Thread 0x0000000002ff7800 Exception <a 'java/net/SocketTimeoutException': Read timed out> (0x00000000e61ca998) thrown at [C:\jenkins\workspace\zulu8-silver-build-win64\zulu-src\hotspot\src\share\vm\prims\jni.cpp, line 738]

Events (10 events):
Event: 4578.484 loading class Script1BeanInfo
Event: 4578.484 loading class Script1BeanInfo done
Event: 4578.487 loading class Script1BeanInfo
Event: 4578.487 loading class Script1BeanInfo done
Event: 4578.487 loading class Script1Customizer
Event: 4578.487 loading class Script1Customizer done
Event: 4578.489 loading class Script1Customizer
Event: 4578.489 loading class Script1Customizer done
Event: 4578.491 loading class Script1Customizer
Event: 4578.491 loading class Script1Customizer done


Dynamic libraries:
0x00007ff76e6c0000 - 0x00007ff76e6f5000 	C:\Users\sudhak\Downloads\Katalon_Studio_Windows_64-8.6.0\Katalon_Studio_Windows_64-8.6.0\jre\bin\javaw.exe
0x00007ffc73930000 - 0x00007ffc73b28000 	C:\WINDOWS\SYSTEM32\ntdll.dll
0x00007ffc73510000 - 0x00007ffc735cf000 	C:\WINDOWS\System32\KERNEL32.DLL
0x00007ffc71490000 - 0x00007ffc71786000 	C:\WINDOWS\System32\KERNELBASE.dll
0x00007ffc57f70000 - 0x00007ffc582d9000 	C:\WINDOWS\system32\ctiuser.dll
0x00007ffc72f30000 - 0x00007ffc72fdf000 	C:\WINDOWS\System32\ADVAPI32.dll
0x00007ffc72c80000 - 0x00007ffc72d1e000 	C:\WINDOWS\System32\msvcrt.dll
0x00007ffc71c30000 - 0x00007ffc71ccc000 	C:\WINDOWS\System32\sechost.dll
0x00007ffc721e0000 - 0x00007ffc72306000 	C:\WINDOWS\System32\RPCRT4.dll
0x00007ffc72d20000 - 0x00007ffc72ebd000 	C:\WINDOWS\System32\USER32.dll
0x00007ffc71140000 - 0x00007ffc71162000 	C:\WINDOWS\System32\win32u.dll
0x00007ffc738c0000 - 0x00007ffc738ec000 	C:\WINDOWS\System32\GDI32.dll
0x00007ffc71170000 - 0x00007ffc71285000 	C:\WINDOWS\System32\gdi32full.dll
0x00007ffc71290000 - 0x00007ffc7132d000 	C:\WINDOWS\System32\msvcp_win.dll
0x00007ffc71790000 - 0x00007ffc71890000 	C:\WINDOWS\System32\ucrtbase.dll
0x00007ffc5e250000 - 0x00007ffc5e4ea000 	C:\WINDOWS\WinSxS\amd64_microsoft.windows.common-controls_6595b64144ccf1df_6.0.19041.1110_none_60b5254171f9507e\COMCTL32.dll
0x00007ffc5fa80000 - 0x00007ffc5fa8b000 	C:\WINDOWS\system32\FLTLIB.DLL
0x00007ffc72c50000 - 0x00007ffc72c80000 	C:\WINDOWS\System32\IMM32.DLL
0x000000005b6c0000 - 0x000000005b792000 	C:\Users\sudhak\Downloads\Katalon_Studio_Windows_64-8.6.0\Katalon_Studio_Windows_64-8.6.0\jre\bin\msvcr100.dll
0x000000005b7a0000 - 0x000000005c065000 	C:\Users\sudhak\Downloads\Katalon_Studio_Windows_64-8.6.0\Katalon_Studio_Windows_64-8.6.0\jre\bin\server\jvm.dll
0x00007ffc71990000 - 0x00007ffc71998000 	C:\WINDOWS\System32\PSAPI.DLL
0x00007ffc4b880000 - 0x00007ffc4b889000 	C:\WINDOWS\SYSTEM32\WSOCK32.dll
0x00007ffc735d0000 - 0x00007ffc7363b000 	C:\WINDOWS\System32\WS2_32.dll
0x00007ffc548e0000 - 0x00007ffc54907000 	C:\WINDOWS\SYSTEM32\WINMM.dll
0x00007ffc691b0000 - 0x00007ffc691ba000 	C:\WINDOWS\SYSTEM32\VERSION.dll
0x00007ffc2db00000 - 0x00007ffc2db0f000 	C:\Users\sudhak\Downloads\Katalon_Studio_Windows_64-8.6.0\Katalon_Studio_Windows_64-8.6.0\jre\bin\verify.dll
0x00007ffc24840000 - 0x00007ffc24869000 	C:\Users\sudhak\Downloads\Katalon_Studio_Windows_64-8.6.0\Katalon_Studio_Windows_64-8.6.0\jre\bin\java.dll
0x00007ffc24820000 - 0x00007ffc24836000 	C:\Users\sudhak\Downloads\Katalon_Studio_Windows_64-8.6.0\Katalon_Studio_Windows_64-8.6.0\jre\bin\zip.dll
0x00007ffc723c0000 - 0x00007ffc72b04000 	C:\WINDOWS\System32\SHELL32.dll
0x00007ffc6f060000 - 0x00007ffc6f7f3000 	C:\WINDOWS\SYSTEM32\windows.storage.dll
0x00007ffc71cd0000 - 0x00007ffc72024000 	C:\WINDOWS\System32\combase.dll
0x00007ffc70990000 - 0x00007ffc709be000 	C:\WINDOWS\SYSTEM32\Wldp.dll
0x00007ffc736f0000 - 0x00007ffc7379d000 	C:\WINDOWS\System32\SHCORE.dll
0x00007ffc719a0000 - 0x00007ffc719f5000 	C:\WINDOWS\System32\shlwapi.dll
0x00007ffc70f50000 - 0x00007ffc70f6f000 	C:\WINDOWS\SYSTEM32\profapi.dll
0x00007ffc24800000 - 0x00007ffc2481b000 	C:\Users\sudhak\Downloads\Katalon_Studio_Windows_64-8.6.0\Katalon_Studio_Windows_64-8.6.0\jre\bin\net.dll
0x00007ffc706f0000 - 0x00007ffc7075a000 	C:\WINDOWS\system32\mswsock.dll
0x00007ffc247e0000 - 0x00007ffc247f1000 	C:\Users\sudhak\Downloads\Katalon_Studio_Windows_64-8.6.0\Katalon_Studio_Windows_64-8.6.0\jre\bin\nio.dll
0x00007ffc708e0000 - 0x00007ffc708f8000 	C:\WINDOWS\SYSTEM32\CRYPTSP.dll
0x00007ffc70010000 - 0x00007ffc70044000 	C:\WINDOWS\system32\rsaenh.dll
0x00007ffc71010000 - 0x00007ffc71037000 	C:\WINDOWS\System32\bcrypt.dll
0x00007ffc70ed0000 - 0x00007ffc70efe000 	C:\WINDOWS\SYSTEM32\USERENV.dll
0x00007ffc71040000 - 0x00007ffc710c2000 	C:\WINDOWS\System32\bcryptprimitives.dll
0x00007ffc70900000 - 0x00007ffc7090c000 	C:\WINDOWS\SYSTEM32\CRYPTBASE.dll
0x00007ffc703e0000 - 0x00007ffc7041c000 	C:\WINDOWS\SYSTEM32\IPHLPAPI.DLL
0x00007ffc72b10000 - 0x00007ffc72b18000 	C:\WINDOWS\System32\NSI.dll
0x00007ffc6b110000 - 0x00007ffc6b127000 	C:\WINDOWS\SYSTEM32\dhcpcsvc6.DLL
0x00007ffc6b0f0000 - 0x00007ffc6b10d000 	C:\WINDOWS\SYSTEM32\dhcpcsvc.DLL
0x00007ffc70420000 - 0x00007ffc704eb000 	C:\WINDOWS\SYSTEM32\DNSAPI.dll
0x00007ffc69150000 - 0x00007ffc6915a000 	C:\Windows\System32\rasadhlp.dll
0x00007ffc6b040000 - 0x00007ffc6b0c2000 	C:\WINDOWS\System32\fwpuclnt.dll
0x00007ffc24200000 - 0x00007ffc24224000 	C:\Users\sudhak\Downloads\Katalon_Studio_Windows_64-8.6.0\Katalon_Studio_Windows_64-8.6.0\jre\bin\sunec.dll
0x00007ffc1b4d0000 - 0x00007ffc1b4dc000 	C:\Users\sudhak\Downloads\Katalon_Studio_Windows_64-8.6.0\Katalon_Studio_Windows_64-8.6.0\jre\bin\sunmscapi.dll
0x00007ffc71330000 - 0x00007ffc7148e000 	C:\WINDOWS\System32\CRYPT32.dll
0x00007ffc70a00000 - 0x00007ffc70a28000 	C:\WINDOWS\SYSTEM32\ncrypt.dll
0x00007ffc709c0000 - 0x00007ffc709fb000 	C:\WINDOWS\SYSTEM32\NTASN1.dll
0x00007ffc68ea0000 - 0x00007ffc68eb7000 	C:\WINDOWS\system32\napinsp.dll
0x00007ffc68c90000 - 0x00007ffc68cab000 	C:\WINDOWS\system32\pnrpnsp.dll
0x00007ffc68e80000 - 0x00007ffc68e95000 	C:\WINDOWS\system32\wshbth.dll
0x00007ffc6e1d0000 - 0x00007ffc6e1ed000 	C:\WINDOWS\system32\NLAapi.dll
0x00007ffc68ec0000 - 0x00007ffc68ed2000 	C:\WINDOWS\System32\winrnr.dll
0x00007ffc1b4c0000 - 0x00007ffc1b4cd000 	C:\Users\sudhak\Downloads\Katalon_Studio_Windows_64-8.6.0\Katalon_Studio_Windows_64-8.6.0\jre\bin\management.dll

VM Arguments:
jvm_args: -Dgroovy.home=C:\Users\sudhak/.groovy -Djava.system.class.loader=groovy.lang.GroovyClassLoader -Xmx2048m -Dfile.encoding=UTF-8 
java_command: org.codehaus.groovy.tools.GroovyStarter --classpath C:\Acc-master\Acc-master\bin\keyword;C:\Acc-master\Acc-master\Keywords;C:\Acc-master\Acc-master\bin\listener;C:\Acc-master\Acc-master\Test Listeners;C:\Acc-master\Acc-master\bin\lib;C:\Acc-master\Acc-master\Libs;C:\Acc-master\Acc-master\bin\groovy;C:\Acc-master\Acc-master\Include\scripts\groovy;C:\Users\sudhak\Downloads\Katalon_Studio_Windows_64-8.6.0\Katalon_Studio_Windows_64-8.6.0\plugins\com.kms.katalon.core_1.0.0.202303100818.jar;C:\Users\sudhak\Downloads\Katalon_Studio_Windows_64-8.6.0\Katalon_Studio_Windows_64-8.6.0\configuration\resources\lib\aalto-xml-1.0.0.jar;C:\Users\sudhak\Downloads\Katalon_Studio_Windows_64-8.6.0\Katalon_Studio_Windows_64-8.6.0\configuration\resources\lib\aspectjweaver-1.9.1.jar;C:\Users\sudhak\Downloads\Katalon_Studio_Windows_64-8.6.0\Katalon_Studio_Windows_64-8.6.0\configuration\resources\lib\bcpkix-jdk15on-1.64.jar;C:\Users\sudhak\Downloads\Katalon_Studio_Windows_64-8.6.0\Katalon_Studio_Windows_64-8.6.0\configuration\resources\lib\bcprov-jdk15on-1.64.jar;C:\Users\sudhak\Downloads\Katalon_Studio_Windows_64-8.6.0\Katalon_Studio_Windows_64-8.6.0\configuration\resources\lib\browsermob-core-2.1.5.jar;C:\Users\sudhak\Downloads\Katalon_Studio_Windows_64-8.6.0\Katalon_Studio_Windows_64-8.6.0\configuration\resources\lib\cglib-3.2.10.jar;C:\Users\sudhak\Downloads\Katalon_Studio_Windows_64-8.6.0\Katalon_Studio_Windows_64-8.6.0\configuration\resources\lib\commons-codec-1.10.jar;C:\Users\sudhak\Downloads\Katalon_Studio_Windows_64-8.6.0\Katalon_Studio_Windows_64-8.6.0\configuration\resources\lib\commons-collections4-4.1.jar;C:\Users\sudhak\Downloads\Katalon_Studio_Windows_64-8.6.0\Katalon_Studio_Windows_64-8.6.0\configuration\resources\lib\commons-validator-1.6.jar;C:\Users\sudhak\Downloads\Katalon_Studio_Windows_64-8.6.0\Katalon_Studio_Windows_64-8.6.0\configuration\resources\lib\curvesapi-1.04.jar;C:\Users\sudhak\Downloads\Katalon_Studio_Windows_64-8.6.0\Katalon_Studio_Windows_6
java_class_path (initial): C:\Acc-master\Acc-master\bin\keyword;C:\Acc-master\Acc-master\bin\listener;C:\Acc-master\Acc-master\bin\lib;C:\Acc-master\Acc-master\bin\groovy;C:\Acc-master\Acc-master\bin;C:\Users\sudhak\Downloads\Katalon_Studio_Windows_64-8.6.0\Katalon_Studio_Windows_64-8.6.0\plugins\com.kms.katalon.core_1.0.0.202303100818.jar;C:\Users\sudhak\Downloads\Katalon_Studio_Windows_64-8.6.0\Katalon_Studio_Windows_64-8.6.0\configuration\resources\lib\aalto-xml-1.0.0.jar;C:\Users\sudhak\Downloads\Katalon_Studio_Windows_64-8.6.0\Katalon_Studio_Windows_64-8.6.0\configuration\resources\lib\aspectjweaver-1.9.1.jar;C:\Users\sudhak\Downloads\Katalon_Studio_Windows_64-8.6.0\Katalon_Studio_Windows_64-8.6.0\configuration\resources\lib\bcpkix-jdk15on-1.64.jar;C:\Users\sudhak\Downloads\Katalon_Studio_Windows_64-8.6.0\Katalon_Studio_Windows_64-8.6.0\configuration\resources\lib\bcprov-jdk15on-1.64.jar;C:\Users\sudhak\Downloads\Katalon_Studio_Windows_64-8.6.0\Katalon_Studio_Windows_64-8.6.0\configuration\resources\lib\browsermob-core-2.1.5.jar;C:\Users\sudhak\Downloads\Katalon_Studio_Windows_64-8.6.0\Katalon_Studio_Windows_64-8.6.0\configuration\resources\lib\cglib-3.2.10.jar;C:\Users\sudhak\Downloads\Katalon_Studio_Windows_64-8.6.0\Katalon_Studio_Windows_64-8.6.0\configuration\resources\lib\commons-codec-1.10.jar;C:\Users\sudhak\Downloads\Katalon_Studio_Windows_64-8.6.0\Katalon_Studio_Windows_64-8.6.0\configuration\resources\lib\commons-collections4-4.1.jar;C:\Users\sudhak\Downloads\Katalon_Studio_Windows_64-8.6.0\Katalon_Studio_Windows_64-8.6.0\configuration\resources\lib\commons-validator-1.6.jar;C:\Users\sudhak\Downloads\Katalon_Studio_Windows_64-8.6.0\Katalon_Studio_Windows_64-8.6.0\configuration\resources\lib\curvesapi-1.04.jar;C:\Users\sudhak\Downloads\Katalon_Studio_Windows_64-8.6.0\Katalon_Studio_Windows_64-8.6.0\configuration\resources\lib\dnsjava-2.1.8.jar;C:\Users\sudhak\Downloads\Katalon_Studio_Windows_64-8.6.0\Katalon_Studio_Windows_64-8.6.0\configuration\reso
Launcher Type: SUN_STANDARD

Environment Variables:
PATH=C:/Users/sudhak/Downloads/Katalon_Studio_Windows_64-8.6.0/Katalon_Studio_Windows_64-8.6.0/jre/bin/server;C:/Users/sudhak/Downloads/Katalon_Studio_Windows_64-8.6.0/Katalon_Studio_Windows_64-8.6.0/jre/bin;C:/Users/sudhak/Downloads/Katalon_Studio_Windows_64-8.6.0/Katalon_Studio_Windows_64-8.6.0/jre/lib/amd64;C:\WINDOWS\system32;C:\WINDOWS;C:\WINDOWS\System32\Wbem;C:\WINDOWS\System32\WindowsPowerShell\v1.0\;C:\WINDOWS\System32\OpenSSH\;C:\Program Files\Git\cmd;C:\Program Files\PuTTY\;C:\Users\sudhak\AppData\Local\Microsoft\WindowsApps;C:\Users\sudhak\AppData\Local\GitHubDesktop\bin;C:\Program Files (x86)\Java\jre1.8.0_341\bin;;C:\Users\sudhak\Downloads\Katalon_Studio_Windows_64-8.6.0\Katalon_Studio_Windows_64-8.6.0;
USERNAME=sudhak
OS=Windows_NT
PROCESSOR_IDENTIFIER=Intel64 Family 6 Model 60 Stepping 3, GenuineIntel



---------------  S Y S T E M  ---------------

OS: Windows 10.0 , 64 bit Build 19041 (10.0.19041.2913)

CPU:total 8 (initial active 8) (4 cores per cpu, 2 threads per core) family 6 model 60 stepping 3, cmov, cx8, fxsr, mmx, sse, sse2, sse3, ssse3, sse4.1, sse4.2, popcnt, avx, avx2, aes, clmul, erms, lzcnt, ht, tsc, tscinvbit, bmi1, bmi2

Memory: 4k page, physical 16683152k(400592k free), swap 67014800k(60436k free)

vm_info: OpenJDK 64-Bit Server VM (25.282-b08) for windows-amd64 JRE (Zulu 8.52.0.23-CA-win64) (1.8.0_282-b08), built on Jan 12 2021 07:45:49 by "tester" with MS VC++ 10.0 (VS2010)

time: Fri May 26 18:33:44 2023
timezone: India Standard Time
elapsed time: 4580.239744 seconds (0d 1h 16m 20s)

